[6968:11296:0503/135909:INFO:AppRunner.cpp(611)] Begin run process geeplayer, -runfrom openimage "C:\Users\Nick_Wu\Desktop\Refinance_Program\Refinance_Calculator\refinance (1).ico", mainplugin is mainPlugin
[6968:11296:0503/135909:INFO:AppRunner.cpp(617)] ProductName is GeePlayer1
[6968:11296:0503/135909:INFO:ChannelManager.cpp(1219)] create connection thread
[6968:11296:0503/135909:INFO:AppRunner.cpp(661)] apppluginbase version is 5.1.3.13
[6968:11296:0503/135909:INFO:UIlib.cpp(192)] quilib: version is 5.1.3.9
[6968:11296:0503/135909:INFO:serviceManager.cpp(508)] mainprocessisrunning key is set as 1
[6968:11296:0503/135909:INFO:serviceManager.cpp(629)] create local service plugin PluginServerStatePlugin
[6968:11296:0503/135909:INFO:serviceManager.cpp(687)] plugin PluginServerStatePlugin DoPluginInit
[6968:11296:0503/135909:INFO:serviceManager.cpp(1272)] repository parse over
[6968:11296:0503/135909:INFO:AppRunner.cpp(720)] loop exit geeplayer call main plugin DestoryPluginEntry
[6968:11296:0503/135909:INFO:PluginDevelopAssistant.cpp(115)] real plugin mainPlugin call DestroyPlugin
[6968:11296:0503/135909:INFO:IPlugin.cpp(31)] destruct plugin mainPlugin
[6968:11296:0503/135909:INFO:serviceManager.cpp(1353)] mainPlugin plugin had destroy by DestructPlugin
[6968:11296:0503/135909:INFO:serviceManager.cpp(1906)] DestructManager begin
[6968:11296:0503/135909:INFO:IPlugin.cpp(31)] destruct plugin PluginServerStatePlugin
[6968:11296:0503/135909:INFO:PluginDevelopAssistant.cpp(295)] real plugin PluginServerStatePlugin call DestroyPlugin
[6968:11296:0503/135909:INFO:serviceManager.cpp(1353)] PluginServerStatePlugin plugin had destroy by DestructPlugin
[6968:11296:0503/135909:INFO:serviceManager.cpp(1759)] DeleteLeftPlugins begin
[6968:11296:0503/135909:INFO:serviceManager.cpp(1822)] DeleteLeftPlugins end
[6968:11296:0503/135909:INFO:serviceManager.cpp(508)] mainprocessisrunning key is set as 0
[6968:11296:0503/135909:INFO:AppRunner.cpp(735)] close mutex of process geeplayer
[6968:11296:0503/135909:INFO:AppRunner.cpp(743)] run process geeplayer end
[14408:17880:0503/140017:INFO:AppRunner.cpp(611)] Begin run process geeplayer, -runfrom openimage "C:\Users\Nick_Wu\Desktop\Refinance_Program\Refinance_Calculator\refinance (1).ico", mainplugin is mainPlugin
[14408:17880:0503/140017:INFO:AppRunner.cpp(617)] ProductName is GeePlayer1
[14408:17880:0503/140017:INFO:ChannelManager.cpp(1219)] create connection thread
[14408:17880:0503/140017:INFO:AppRunner.cpp(661)] apppluginbase version is 5.1.3.13
[14408:17880:0503/140017:INFO:UIlib.cpp(192)] quilib: version is 5.1.3.9
[14408:17880:0503/140017:INFO:serviceManager.cpp(508)] mainprocessisrunning key is set as 1
[14408:17880:0503/140017:INFO:serviceManager.cpp(629)] create local service plugin PluginServerStatePlugin
[14408:17880:0503/140017:INFO:serviceManager.cpp(687)] plugin PluginServerStatePlugin DoPluginInit
[14408:17880:0503/140017:INFO:serviceManager.cpp(1272)] repository parse over
[14408:17880:0503/140018:INFO:AppRunner.cpp(720)] loop exit geeplayer call main plugin DestoryPluginEntry
[14408:17880:0503/140018:INFO:PluginDevelopAssistant.cpp(115)] real plugin mainPlugin call DestroyPlugin
[14408:17880:0503/140018:INFO:IPlugin.cpp(31)] destruct plugin mainPlugin
[14408:17880:0503/140018:INFO:serviceManager.cpp(1353)] mainPlugin plugin had destroy by DestructPlugin
[14408:17880:0503/140018:INFO:serviceManager.cpp(1906)] DestructManager begin
[14408:17880:0503/140018:INFO:IPlugin.cpp(31)] destruct plugin PluginServerStatePlugin
[14408:17880:0503/140018:INFO:PluginDevelopAssistant.cpp(295)] real plugin PluginServerStatePlugin call DestroyPlugin
[14408:17880:0503/140018:INFO:serviceManager.cpp(1353)] PluginServerStatePlugin plugin had destroy by DestructPlugin
[14408:17880:0503/140018:INFO:serviceManager.cpp(1759)] DeleteLeftPlugins begin
[14408:17880:0503/140018:INFO:serviceManager.cpp(1822)] DeleteLeftPlugins end
[14408:17880:0503/140018:INFO:serviceManager.cpp(508)] mainprocessisrunning key is set as 0
[14408:17880:0503/140018:INFO:AppRunner.cpp(735)] close mutex of process geeplayer
[14408:17880:0503/140018:INFO:AppRunner.cpp(743)] run process geeplayer end
